
> song-sh-wo-frontend@0.0.1 build
> vite build

[36mvite v5.4.21 [32mbuilding for production...[36m[39m
transforming...
Deprecation [legacy-js-api]: The legacy JS API is deprecated and will be removed in Dart Sass 2.0.0.

More info: https://sass-lang.com/d/legacy-js-api
Deprecation [legacy-js-api]: The legacy JS API is deprecated and will be removed in Dart Sass 2.0.0.

More info: https://sass-lang.com/d/legacy-js-api
Deprecation [legacy-js-api]: The legacy JS API is deprecated and will be removed in Dart Sass 2.0.0.

More info: https://sass-lang.com/d/legacy-js-api
Deprecation [legacy-js-api]: The legacy JS API is deprecated and will be removed in Dart Sass 2.0.0.

More info: https://sass-lang.com/d/legacy-js-api
Deprecation [legacy-js-api]: The legacy JS API is deprecated and will be removed in Dart Sass 2.0.0.

More info: https://sass-lang.com/d/legacy-js-api
Deprecation [legacy-js-api]: The legacy JS API is deprecated and will be removed in Dart Sass 2.0.0.

More info: https://sass-lang.com/d/legacy-js-api
Deprecation [legacy-js-api]: The legacy JS API is deprecated and will be removed in Dart Sass 2.0.0.

More info: https://sass-lang.com/d/legacy-js-api
Deprecation [legacy-js-api]: The legacy JS API is deprecated and will be removed in Dart Sass 2.0.0.

More info: https://sass-lang.com/d/legacy-js-api
Deprecation [legacy-js-api]: The legacy JS API is deprecated and will be removed in Dart Sass 2.0.0.

More info: https://sass-lang.com/d/legacy-js-api
Deprecation [legacy-js-api]: The legacy JS API is deprecated and will be removed in Dart Sass 2.0.0.

More info: https://sass-lang.com/d/legacy-js-api
[32m✓[39m 36 modules transformed.
[31mx[39m Build failed in 676ms
[31merror during build:
[31mCould not resolve "../styles/pages/Home.module.scss" from "src/pages/client/Home.jsx"[31m
file: [36mC:/Users/eason/OneDrive/Desktop/git/PTCG__Squirrel/src/pages/client/Home.jsx[31m
    at getRollupError (file:///C:/Users/eason/OneDrive/Desktop/git/PTCG__Squirrel/node_modules/rollup/dist/es/shared/parseAst.js:402:41)
    at error (file:///C:/Users/eason/OneDrive/Desktop/git/PTCG__Squirrel/node_modules/rollup/dist/es/shared/parseAst.js:398:42)
    at ModuleLoader.handleInvalidResolvedId (file:///C:/Users/eason/OneDrive/Desktop/git/PTCG__Squirrel/node_modules/rollup/dist/es/shared/node-entry.js:21710:24)
    at file:///C:/Users/eason/OneDrive/Desktop/git/PTCG__Squirrel/node_modules/rollup/dist/es/shared/node-entry.js:21670:26[39m
